<?xml version="1.0" encoding="UTF-8"?>
<!-- Generated by org.testng.reporters.JUnitXMLReporter -->
<testsuite hostname="DESKTOP-PR6UAFV" ignored="0" name="Default test" tests="1" failures="1" timestamp="2021-11-16T10:33:00 IST" time="30.724" errors="0">
  <testcase name="@AfterMethod afterMethod" time="4.108" classname="com.framework.testng.api.base.ProjectSpecificMethods">
    <failure type="java.lang.RuntimeException" message="See the reporter for details.">
      <![CDATA[java.lang.RuntimeException: See the reporter for details.
at com.framework.utils.Reporter.reportStep(Reporter.java:99)
at com.framework.selenium.api.base.SeleniumBase.close(SeleniumBase.java:866)
at com.framework.testng.api.base.ProjectSpecificMethods.afterMethod(ProjectSpecificMethods.java:30)
at sun.reflect.NativeMethodAccessorImpl.invoke0(Native Method)
at sun.reflect.NativeMethodAccessorImpl.invoke(NativeMethodAccessorImpl.java:62)
at sun.reflect.DelegatingMethodAccessorImpl.invoke(DelegatingMethodAccessorImpl.java:43)
at java.lang.reflect.Method.invoke(Method.java:498)
at org.testng.internal.MethodInvocationHelper.invokeMethod(MethodInvocationHelper.java:132)
at org.testng.internal.MethodInvocationHelper.invokeMethodConsideringTimeout(MethodInvocationHelper.java:61)
at org.testng.internal.ConfigInvoker.invokeConfigurationMethod(ConfigInvoker.java:366)
at org.testng.internal.ConfigInvoker.invokeConfigurations(ConfigInvoker.java:320)
at org.testng.internal.TestInvoker.runConfigMethods(TestInvoker.java:701)
at org.testng.internal.TestInvoker.runAfterGroupsConfigurations(TestInvoker.java:677)
at org.testng.internal.TestInvoker.invokeMethod(TestInvoker.java:661)
at org.testng.internal.TestInvoker.invokeTestMethod(TestInvoker.java:174)
at org.testng.internal.MethodRunner.runInSequence(MethodRunner.java:46)
at org.testng.internal.TestInvoker$MethodInvocationAgent.invoke(TestInvoker.java:822)
at org.testng.internal.TestInvoker.invokeTestMethods(TestInvoker.java:147)
at org.testng.internal.TestMethodWorker.invokeTestMethods(TestMethodWorker.java:146)
at org.testng.internal.TestMethodWorker.run(TestMethodWorker.java:128)
at java.util.ArrayList.forEach(ArrayList.java:1259)
at org.testng.TestRunner.privateRun(TestRunner.java:764)
at org.testng.TestRunner.run(TestRunner.java:585)
at org.testng.SuiteRunner.runTest(SuiteRunner.java:384)
at org.testng.SuiteRunner.runSequentially(SuiteRunner.java:378)
at org.testng.SuiteRunner.privateRun(SuiteRunner.java:337)
at org.testng.SuiteRunner.run(SuiteRunner.java:286)
at org.testng.SuiteRunnerWorker.runSuite(SuiteRunnerWorker.java:53)
at org.testng.SuiteRunnerWorker.run(SuiteRunnerWorker.java:96)
at org.testng.TestNG.runSuitesSequentially(TestNG.java:1218)
at org.testng.TestNG.runSuitesLocally(TestNG.java:1140)
at org.testng.TestNG.runSuites(TestNG.java:1069)
at org.testng.TestNG.run(TestNG.java:1037)
at org.testng.remote.AbstractRemoteTestNG.run(AbstractRemoteTestNG.java:115)
at org.testng.remote.RemoteTestNG.initAndRun(RemoteTestNG.java:251)
at org.testng.remote.RemoteTestNG.main(RemoteTestNG.java:77)
]]>
    </failure>
  </testcase> <!-- @AfterMethod afterMethod -->
  <testcase name="runLogin" time="8.44" classname="com.framework.selenium.servicenowtestcase.TC001_Servicenowlogintc">
    <failure type="java.lang.StackOverflowError">
      <![CDATA[java.lang.StackOverflowError
at sun.net.spi.DefaultProxySelector$3.run(DefaultProxySelector.java:219)
at sun.net.spi.DefaultProxySelector$3.run(DefaultProxySelector.java:209)
at java.security.AccessController.doPrivileged(Native Method)
at sun.net.spi.DefaultProxySelector.select(DefaultProxySelector.java:208)
at okhttp3.internal.connection.RouteSelector.resetNextProxy(RouteSelector.java:129)
at okhttp3.internal.connection.RouteSelector.<init>(RouteSelector.java:63)
at okhttp3.internal.connection.StreamAllocation.<init>(StreamAllocation.java:101)
at okhttp3.internal.http.RetryAndFollowUpInterceptor.intercept(RetryAndFollowUpInterceptor.java:112)
at okhttp3.internal.http.RealInterceptorChain.proceed(RealInterceptorChain.java:147)
at okhttp3.internal.http.RealInterceptorChain.proceed(RealInterceptorChain.java:121)
at okhttp3.RealCall.getResponseWithInterceptorChain(RealCall.java:200)
at okhttp3.RealCall.execute(RealCall.java:77)
at org.openqa.selenium.remote.internal.OkHttpClient.execute(OkHttpClient.java:103)
at org.openqa.selenium.remote.HttpCommandExecutor.execute(HttpCommandExecutor.java:155)
at org.openqa.selenium.remote.service.DriverCommandExecutor.execute(DriverCommandExecutor.java:83)
at org.openqa.selenium.remote.RemoteWebDriver.execute(RemoteWebDriver.java:552)
at org.openqa.selenium.remote.RemoteWebDriver.execute(RemoteWebDriver.java:609)
at org.openqa.selenium.remote.RemoteWebDriver.getScreenshotAs(RemoteWebDriver.java:295)
at com.framework.selenium.api.base.SeleniumBase.takeSnap(SeleniumBase.java:850)
at com.framework.utils.Reporter.reportStep(Reporter.java:87)
at com.framework.utils.Reporter.reportStep(Reporter.java:113)
at com.framework.selenium.api.base.SeleniumBase.takeSnap(SeleniumBase.java:853)
at com.framework.utils.Reporter.reportStep(Reporter.java:87)
at com.framework.utils.Reporter.reportStep(Reporter.java:113)
at com.framework.selenium.api.base.SeleniumBase.takeSnap(SeleniumBase.java:853)
at com.framework.utils.Reporter.reportStep(Reporter.java:87)
at com.framework.utils.Reporter.reportStep(Reporter.java:113)
at com.framework.selenium.api.base.SeleniumBase.takeSnap(SeleniumBase.java:853)
at com.framework.utils.Reporter.reportStep(Reporter.java:87)
at com.framework.utils.Reporter.reportStep(Reporter.java:113)
at com.framework.selenium.api.base.SeleniumBase.takeSnap(SeleniumBase.java:853)
at com.framework.utils.Reporter.reportStep(Reporter.java:87)
at com.framework.utils.Reporter.reportStep(Reporter.java:113)
at com.framework.selenium.api.base.SeleniumBase.takeSnap(SeleniumBase.java:853)
at com.framework.utils.Reporter.reportStep(Reporter.java:87)
at com.framework.utils.Reporter.reportStep(Reporter.java:113)
at com.framework.selenium.api.base.SeleniumBase.takeSnap(SeleniumBase.java:853)
at com.framework.utils.Reporter.reportStep(Reporter.java:87)
at com.framework.utils.Reporter.reportStep(Reporter.java:113)
at com.framework.selenium.api.base.SeleniumBase.takeSnap(SeleniumBase.java:853)
at com.framework.utils.Reporter.reportStep(Reporter.java:87)
at com.framework.utils.Reporter.reportStep(Reporter.java:113)
at com.framework.selenium.api.base.SeleniumBase.takeSnap(SeleniumBase.java:853)
at com.framework.utils.Reporter.reportStep(Reporter.java:87)
at com.framework.utils.Reporter.reportStep(Reporter.java:113)
at com.framework.selenium.api.base.SeleniumBase.takeSnap(SeleniumBase.java:853)
at com.framework.utils.Reporter.reportStep(Reporter.java:87)
at com.framework.utils.Reporter.reportStep(Reporter.java:113)
at com.framework.selenium.api.base.SeleniumBase.takeSnap(SeleniumBase.java:853)
at com.framework.utils.Reporter.reportStep(Reporter.java:87)
at com.framework.utils.Reporter.reportStep(Reporter.java:113)
at com.framework.selenium.api.base.SeleniumBase.takeSnap(SeleniumBase.java:853)
at com.framework.utils.Reporter.reportStep(Reporter.java:87)
at com.framework.utils.Reporter.reportStep(Reporter.java:113)
at com.framework.selenium.api.base.SeleniumBase.takeSnap(SeleniumBase.java:853)
at com.framework.utils.Reporter.reportStep(Reporter.java:87)
at com.framework.utils.Reporter.reportStep(Reporter.java:113)
at com.framework.selenium.api.base.SeleniumBase.takeSnap(SeleniumBase.java:853)
at com.framework.utils.Reporter.reportStep(Reporter.java:87)
at com.framework.utils.Reporter.reportStep(Reporter.java:113)
at com.framework.selenium.api.base.SeleniumBase.takeSnap(SeleniumBase.java:853)
at com.framework.utils.Reporter.reportStep(Reporter.java:87)
at com.framework.utils.Reporter.reportStep(Reporter.java:113)
at com.framework.selenium.api.base.SeleniumBase.takeSnap(SeleniumBase.java:853)
at com.framework.utils.Reporter.reportStep(Reporter.java:87)
at com.framework.utils.Reporter.reportStep(Reporter.java:113)
at com.framework.selenium.api.base.SeleniumBase.takeSnap(SeleniumBase.java:853)
at com.framework.utils.Reporter.reportStep(Reporter.java:87)
at com.framework.utils.Reporter.reportStep(Reporter.java:113)
at com.framework.selenium.api.base.SeleniumBase.takeSnap(SeleniumBase.java:853)
at com.framework.utils.Reporter.reportStep(Reporter.java:87)
at com.framework.utils.Reporter.reportStep(Reporter.java:113)
at com.framework.selenium.api.base.SeleniumBase.takeSnap(SeleniumBase.java:853)
at com.framework.utils.Reporter.reportStep(Reporter.java:87)
at com.framework.utils.Reporter.reportStep(Reporter.java:113)
at com.framework.selenium.api.base.SeleniumBase.takeSnap(SeleniumBase.java:853)
at com.framework.utils.Reporter.reportStep(Reporter.java:87)
at com.framework.utils.Reporter.reportStep(Reporter.java:113)
at com.framework.selenium.api.base.SeleniumBase.takeSnap(SeleniumBase.java:853)
at com.framework.utils.Reporter.reportStep(Reporter.java:87)
at com.framework.utils.Reporter.reportStep(Reporter.java:113)
at com.framework.selenium.api.base.SeleniumBase.takeSnap(SeleniumBase.java:853)
at com.framework.utils.Reporter.reportStep(Reporter.java:87)
at com.framework.utils.Reporter.reportStep(Reporter.java:113)
at com.framework.selenium.api.base.SeleniumBase.takeSnap(SeleniumBase.java:853)
at com.framework.utils.Reporter.reportStep(Reporter.java:87)
at com.framework.utils.Reporter.reportStep(Reporter.java:113)
at com.framework.selenium.api.base.SeleniumBase.takeSnap(SeleniumBase.java:853)
at com.framework.utils.Reporter.reportStep(Reporter.java:87)
at com.framework.utils.Reporter.reportStep(Reporter.java:113)
at com.framework.selenium.api.base.SeleniumBase.takeSnap(SeleniumBase.java:853)
at com.framework.utils.Reporter.reportStep(Reporter.java:87)
at com.framework.utils.Reporter.reportStep(Reporter.java:113)
at com.framework.selenium.api.base.SeleniumBase.takeSnap(SeleniumBase.java:853)
at com.framework.utils.Reporter.reportStep(Reporter.java:87)
at com.framework.utils.Reporter.reportStep(Reporter.java:113)
at com.framework.selenium.api.base.SeleniumBase.takeSnap(SeleniumBase.java:853)
at com.framework.utils.Reporter.reportStep(Reporter.java:87)
at com.framework.utils.Reporter.reportStep(Reporter.java:113)
at com.framework.selenium.api.base.SeleniumBase.takeSnap(SeleniumBase.java:853)
at com.framework.utils.Reporter.reportStep(Reporter.java:87)
at com.framework.utils.Reporter.reportStep(Reporter.java:113)
at com.framework.selenium.api.base.SeleniumBase.takeSnap(SeleniumBase.java:853)
at com.framework.utils.Reporter.reportStep(Reporter.java:87)
at com.framework.utils.Reporter.reportStep(Reporter.java:113)
at com.framework.selenium.api.base.SeleniumBase.takeSnap(SeleniumBase.java:853)
at com.framework.utils.Reporter.reportStep(Reporter.java:87)
at com.framework.utils.Reporter.reportStep(Reporter.java:113)
at com.framework.selenium.api.base.SeleniumBase.takeSnap(SeleniumBase.java:853)
at com.framework.utils.Reporter.reportStep(Reporter.java:87)
at com.framework.utils.Reporter.reportStep(Reporter.java:113)
at com.framework.selenium.api.base.SeleniumBase.takeSnap(SeleniumBase.java:853)
at com.framework.utils.Reporter.reportStep(Reporter.java:87)
at com.framework.utils.Reporter.reportStep(Reporter.java:113)
at com.framework.selenium.api.base.SeleniumBase.takeSnap(SeleniumBase.java:853)
at com.framework.utils.Reporter.reportStep(Reporter.java:87)
at com.framework.utils.Reporter.reportStep(Reporter.java:113)
at com.framework.selenium.api.base.SeleniumBase.takeSnap(SeleniumBase.java:853)
at com.framework.utils.Reporter.reportStep(Reporter.java:87)
at com.framework.utils.Reporter.reportStep(Reporter.java:113)
at com.framework.selenium.api.base.SeleniumBase.takeSnap(SeleniumBase.java:853)
at com.framework.utils.Reporter.reportStep(Reporter.java:87)
at com.framework.utils.Reporter.reportStep(Reporter.java:113)
at com.framework.selenium.api.base.SeleniumBase.takeSnap(SeleniumBase.java:853)
at com.framework.utils.Reporter.reportStep(Reporter.java:87)
at com.framework.utils.Reporter.reportStep(Reporter.java:113)
at com.framework.selenium.api.base.SeleniumBase.takeSnap(SeleniumBase.java:853)
at com.framework.utils.Reporter.reportStep(Reporter.java:87)
at com.framework.utils.Reporter.reportStep(Reporter.java:113)
at com.framework.selenium.api.base.SeleniumBase.takeSnap(SeleniumBase.java:853)
at com.framework.utils.Reporter.reportStep(Reporter.java:87)
at com.framework.utils.Reporter.reportStep(Reporter.java:113)
at com.framework.selenium.api.base.SeleniumBase.takeSnap(SeleniumBase.java:853)
at com.framework.utils.Reporter.reportStep(Reporter.java:87)
at com.framework.utils.Reporter.reportStep(Reporter.java:113)
at com.framework.selenium.api.base.SeleniumBase.takeSnap(SeleniumBase.java:853)
at com.framework.utils.Reporter.reportStep(Reporter.java:87)
at com.framework.utils.Reporter.reportStep(Reporter.java:113)
at com.framework.selenium.api.base.SeleniumBase.takeSnap(SeleniumBase.java:853)
at com.framework.utils.Reporter.reportStep(Reporter.java:87)
at com.framework.utils.Reporter.reportStep(Reporter.java:113)
at com.framework.selenium.api.base.SeleniumBase.takeSnap(SeleniumBase.java:853)
at com.framework.utils.Reporter.reportStep(Reporter.java:87)
at com.framework.utils.Reporter.reportStep(Reporter.java:113)
at com.framework.selenium.api.base.SeleniumBase.takeSnap(SeleniumBase.java:853)
at com.framework.utils.Reporter.reportStep(Reporter.java:87)
at com.framework.utils.Reporter.reportStep(Reporter.java:113)
at com.framework.selenium.api.base.SeleniumBase.takeSnap(SeleniumBase.java:853)
at com.framework.utils.Reporter.reportStep(Reporter.java:87)
at com.framework.utils.Reporter.reportStep(Reporter.java:113)
at com.framework.selenium.api.base.SeleniumBase.takeSnap(SeleniumBase.java:853)
at com.framework.utils.Reporter.reportStep(Reporter.java:87)
at com.framework.utils.Reporter.reportStep(Reporter.java:113)
at com.framework.selenium.api.base.SeleniumBase.takeSnap(SeleniumBase.java:853)
at com.framework.utils.Reporter.reportStep(Reporter.java:87)
at com.framework.utils.Reporter.reportStep(Reporter.java:113)
at com.framework.selenium.api.base.SeleniumBase.takeSnap(SeleniumBase.java:853)
at com.framework.utils.Reporter.reportStep(Reporter.java:87)
at com.framework.utils.Reporter.reportStep(Reporter.java:113)
at com.framework.selenium.api.base.SeleniumBase.takeSnap(SeleniumBase.java:853)
at com.framework.utils.Reporter.reportStep(Reporter.java:87)
at com.framework.utils.Reporter.reportStep(Reporter.java:113)
at com.framework.selenium.api.base.SeleniumBase.takeSnap(SeleniumBase.java:853)
at com.framework.utils.Reporter.reportStep(Reporter.java:87)
at com.framework.utils.Reporter.reportStep(Reporter.java:113)
at com.framework.selenium.api.base.SeleniumBase.takeSnap(SeleniumBase.java:853)
at com.framework.utils.Reporter.reportStep(Reporter.java:87)
at com.framework.utils.Reporter.reportStep(Reporter.java:113)
at com.framework.selenium.api.base.SeleniumBase.takeSnap(SeleniumBase.java:853)
at com.framework.utils.Reporter.reportStep(Reporter.java:87)
at com.framework.utils.Reporter.reportStep(Reporter.java:113)
at com.framework.selenium.api.base.SeleniumBase.takeSnap(SeleniumBase.java:853)
at com.framework.utils.Reporter.reportStep(Reporter.java:87)
at com.framework.utils.Reporter.reportStep(Reporter.java:113)
at com.framework.selenium.api.base.SeleniumBase.takeSnap(SeleniumBase.java:853)
at com.framework.utils.Reporter.reportStep(Reporter.java:87)
at com.framework.utils.Reporter.reportStep(Reporter.java:113)
at com.framework.selenium.api.base.SeleniumBase.takeSnap(SeleniumBase.java:853)
at com.framework.utils.Reporter.reportStep(Reporter.java:87)
at com.framework.utils.Reporter.reportStep(Reporter.java:113)
at com.framework.selenium.api.base.SeleniumBase.takeSnap(SeleniumBase.java:853)
at com.framework.utils.Reporter.reportStep(Reporter.java:87)
at com.framework.utils.Reporter.reportStep(Reporter.java:113)
at com.framework.selenium.api.base.SeleniumBase.takeSnap(SeleniumBase.java:853)
at com.framework.utils.Reporter.reportStep(Reporter.java:87)
at com.framework.utils.Reporter.reportStep(Reporter.java:113)
at com.framework.selenium.api.base.SeleniumBase.takeSnap(SeleniumBase.java:853)
at com.framework.utils.Reporter.reportStep(Reporter.java:87)
at com.framework.utils.Reporter.reportStep(Reporter.java:113)
at com.framework.selenium.api.base.SeleniumBase.takeSnap(SeleniumBase.java:853)
at com.framework.utils.Reporter.reportStep(Reporter.java:87)
at com.framework.utils.Reporter.reportStep(Reporter.java:113)
at com.framework.selenium.api.base.SeleniumBase.takeSnap(SeleniumBase.java:853)
at com.framework.utils.Reporter.reportStep(Reporter.java:87)
at com.framework.utils.Reporter.reportStep(Reporter.java:113)
at com.framework.selenium.api.base.SeleniumBase.takeSnap(SeleniumBase.java:853)
at com.framework.utils.Reporter.reportStep(Reporter.java:87)
at com.framework.utils.Reporter.reportStep(Reporter.java:113)
at com.framework.selenium.api.base.SeleniumBase.takeSnap(SeleniumBase.java:853)
at com.framework.utils.Reporter.reportStep(Reporter.java:87)
at com.framework.utils.Reporter.reportStep(Reporter.java:113)
at com.framework.selenium.api.base.SeleniumBase.takeSnap(SeleniumBase.java:853)
at com.framework.utils.Reporter.reportStep(Reporter.java:87)
at com.framework.utils.Reporter.reportStep(Reporter.java:113)
at com.framework.selenium.api.base.SeleniumBase.takeSnap(SeleniumBase.java:853)
at com.framework.utils.Reporter.reportStep(Reporter.java:87)
at com.framework.utils.Reporter.reportStep(Reporter.java:113)
at com.framework.selenium.api.base.SeleniumBase.takeSnap(SeleniumBase.java:853)
at com.framework.utils.Reporter.reportStep(Reporter.java:87)
at com.framework.utils.Reporter.reportStep(Reporter.java:113)
at com.framework.selenium.api.base.SeleniumBase.takeSnap(SeleniumBase.java:853)
at com.framework.utils.Reporter.reportStep(Reporter.java:87)
at com.framework.utils.Reporter.reportStep(Reporter.java:113)
at com.framework.selenium.api.base.SeleniumBase.takeSnap(SeleniumBase.java:853)
at com.framework.utils.Reporter.reportStep(Reporter.java:87)
at com.framework.utils.Reporter.reportStep(Reporter.java:113)
at com.framework.selenium.api.base.SeleniumBase.takeSnap(SeleniumBase.java:853)
at com.framework.utils.Reporter.reportStep(Reporter.java:87)
at com.framework.utils.Reporter.reportStep(Reporter.java:113)
at com.framework.selenium.api.base.SeleniumBase.takeSnap(SeleniumBase.java:853)
at com.framework.utils.Reporter.reportStep(Reporter.java:87)
at com.framework.utils.Reporter.reportStep(Reporter.java:113)
at com.framework.selenium.api.base.SeleniumBase.takeSnap(SeleniumBase.java:853)
at com.framework.utils.Reporter.reportStep(Reporter.java:87)
at com.framework.utils.Reporter.reportStep(Reporter.java:113)
at com.framework.selenium.api.base.SeleniumBase.takeSnap(SeleniumBase.java:853)
at com.framework.utils.Reporter.reportStep(Reporter.java:87)
at com.framework.utils.Reporter.reportStep(Reporter.java:113)
at com.framework.selenium.api.base.SeleniumBase.takeSnap(SeleniumBase.java:853)
at com.framework.utils.Reporter.reportStep(Reporter.java:87)
at com.framework.utils.Reporter.reportStep(Reporter.java:113)
at com.framework.selenium.api.base.SeleniumBase.takeSnap(SeleniumBase.java:853)
at com.framework.utils.Reporter.reportStep(Reporter.java:87)
at com.framework.utils.Reporter.reportStep(Reporter.java:113)
at com.framework.selenium.api.base.SeleniumBase.takeSnap(SeleniumBase.java:853)
at com.framework.utils.Reporter.reportStep(Reporter.java:87)
at com.framework.utils.Reporter.reportStep(Reporter.java:113)
at com.framework.selenium.api.base.SeleniumBase.takeSnap(SeleniumBase.java:853)
at com.framework.utils.Reporter.reportStep(Reporter.java:87)
at com.framework.utils.Reporter.reportStep(Reporter.java:113)
at com.framework.selenium.api.base.SeleniumBase.takeSnap(SeleniumBase.java:853)
at com.framework.utils.Reporter.reportStep(Reporter.java:87)
at com.framework.utils.Reporter.reportStep(Reporter.java:113)
at com.framework.selenium.api.base.SeleniumBase.takeSnap(SeleniumBase.java:853)
at com.framework.utils.Reporter.reportStep(Reporter.java:87)
at com.framework.utils.Reporter.reportStep(Reporter.java:113)
at com.framework.selenium.api.base.SeleniumBase.takeSnap(SeleniumBase.java:853)
at com.framework.utils.Reporter.reportStep(Reporter.java:87)
at com.framework.utils.Reporter.reportStep(Reporter.java:113)
at com.framework.selenium.api.base.SeleniumBase.takeSnap(SeleniumBase.java:853)
at com.framework.utils.Reporter.reportStep(Reporter.java:87)
at com.framework.utils.Reporter.reportStep(Reporter.java:113)
at com.framework.selenium.api.base.SeleniumBase.takeSnap(SeleniumBase.java:853)
at com.framework.utils.Reporter.reportStep(Reporter.java:87)
at com.framework.utils.Reporter.reportStep(Reporter.java:113)
at com.framework.selenium.api.base.SeleniumBase.takeSnap(SeleniumBase.java:853)
at com.framework.utils.Reporter.reportStep(Reporter.java:87)
at com.framework.utils.Reporter.reportStep(Reporter.java:113)
at com.framework.selenium.api.base.SeleniumBase.takeSnap(SeleniumBase.java:853)
at com.framework.utils.Reporter.reportStep(Reporter.java:87)
at com.framework.utils.Reporter.reportStep(Reporter.java:113)
at com.framework.selenium.api.base.SeleniumBase.takeSnap(SeleniumBase.java:853)
at com.framework.utils.Reporter.reportStep(Reporter.java:87)
at com.framework.utils.Reporter.reportStep(Reporter.java:113)
at com.framework.selenium.api.base.SeleniumBase.takeSnap(SeleniumBase.java:853)
at com.framework.utils.Reporter.reportStep(Reporter.java:87)
at com.framework.utils.Reporter.reportStep(Reporter.java:113)
at com.framework.selenium.api.base.SeleniumBase.takeSnap(SeleniumBase.java:853)
at com.framework.utils.Reporter.reportStep(Reporter.java:87)
at com.framework.utils.Reporter.reportStep(Reporter.java:113)
at com.framework.selenium.api.base.SeleniumBase.takeSnap(SeleniumBase.java:853)
at com.framework.utils.Reporter.reportStep(Reporter.java:87)
at com.framework.utils.Reporter.reportStep(Reporter.java:113)
at com.framework.selenium.api.base.SeleniumBase.takeSnap(SeleniumBase.java:853)
at com.framework.utils.Reporter.reportStep(Reporter.java:87)
at com.framework.utils.Reporter.reportStep(Reporter.java:113)
at com.framework.selenium.api.base.SeleniumBase.takeSnap(SeleniumBase.java:853)
at com.framework.utils.Reporter.reportStep(Reporter.java:87)
at com.framework.utils.Reporter.reportStep(Reporter.java:113)
at com.framework.selenium.api.base.SeleniumBase.takeSnap(SeleniumBase.java:853)
at com.framework.utils.Reporter.reportStep(Reporter.java:87)
at com.framework.utils.Reporter.reportStep(Reporter.java:113)
at com.framework.selenium.api.base.SeleniumBase.takeSnap(SeleniumBase.java:853)
at com.framework.utils.Reporter.reportStep(Reporter.java:87)
at com.framework.utils.Reporter.reportStep(Reporter.java:113)
at com.framework.selenium.api.base.SeleniumBase.takeSnap(SeleniumBase.java:853)
at com.framework.utils.Reporter.reportStep(Reporter.java:87)
at com.framework.utils.Reporter.reportStep(Reporter.java:113)
at com.framework.selenium.api.base.SeleniumBase.takeSnap(SeleniumBase.java:853)
at com.framework.utils.Reporter.reportStep(Reporter.java:87)
at com.framework.utils.Reporter.reportStep(Reporter.java:113)
at com.framework.selenium.api.base.SeleniumBase.takeSnap(SeleniumBase.java:853)
at com.framework.utils.Reporter.reportStep(Reporter.java:87)
at com.framework.utils.Reporter.reportStep(Reporter.java:113)
at com.framework.selenium.api.base.SeleniumBase.takeSnap(SeleniumBase.java:853)
at com.framework.utils.Reporter.reportStep(Reporter.java:87)
at com.framework.utils.Reporter.reportStep(Reporter.java:113)
at com.framework.selenium.api.base.SeleniumBase.takeSnap(SeleniumBase.java:853)
at com.framework.utils.Reporter.reportStep(Reporter.java:87)
at com.framework.utils.Reporter.reportStep(Reporter.java:113)
at com.framework.selenium.api.base.SeleniumBase.takeSnap(SeleniumBase.java:853)
at com.framework.utils.Reporter.reportStep(Reporter.java:87)
at com.framework.utils.Reporter.reportStep(Reporter.java:113)
at com.framework.selenium.api.base.SeleniumBase.takeSnap(SeleniumBase.java:853)
at com.framework.utils.Reporter.reportStep(Reporter.java:87)
at com.framework.utils.Reporter.reportStep(Reporter.java:113)
at com.framework.selenium.api.base.SeleniumBase.takeSnap(SeleniumBase.java:853)
at com.framework.utils.Reporter.reportStep(Reporter.java:87)
at com.framework.utils.Reporter.reportStep(Reporter.java:113)
at com.framework.selenium.api.base.SeleniumBase.takeSnap(SeleniumBase.java:853)
at com.framework.utils.Reporter.reportStep(Reporter.java:87)
at com.framework.utils.Reporter.reportStep(Reporter.java:113)
at com.framework.selenium.api.base.SeleniumBase.takeSnap(SeleniumBase.java:853)
at com.framework.utils.Reporter.reportStep(Reporter.java:87)
at com.framework.utils.Reporter.reportStep(Reporter.java:113)
at com.framework.selenium.api.base.SeleniumBase.takeSnap(SeleniumBase.java:853)
at com.framework.utils.Reporter.reportStep(Reporter.java:87)
at com.framework.utils.Reporter.reportStep(Reporter.java:113)
at com.framework.selenium.api.base.SeleniumBase.takeSnap(SeleniumBase.java:853)
at com.framework.utils.Reporter.reportStep(Reporter.java:87)
at com.framework.utils.Reporter.reportStep(Reporter.java:113)
at com.framework.selenium.api.base.SeleniumBase.takeSnap(SeleniumBase.java:853)
at com.framework.utils.Reporter.reportStep(Reporter.java:87)
at com.framework.utils.Reporter.reportStep(Reporter.java:113)
at com.framework.selenium.api.base.SeleniumBase.takeSnap(SeleniumBase.java:853)
at com.framework.utils.Reporter.reportStep(Reporter.java:87)
at com.framework.utils.Reporter.reportStep(Reporter.java:113)
at com.framework.selenium.api.base.SeleniumBase.takeSnap(SeleniumBase.java:853)
at com.framework.utils.Reporter.reportStep(Reporter.java:87)
at com.framework.utils.Reporter.reportStep(Reporter.java:113)
at com.framework.selenium.api.base.SeleniumBase.takeSnap(SeleniumBase.java:853)
at com.framework.utils.Reporter.reportStep(Reporter.java:87)
at com.framework.utils.Reporter.reportStep(Reporter.java:113)
at com.framework.selenium.api.base.SeleniumBase.takeSnap(SeleniumBase.java:853)
at com.framework.utils.Reporter.reportStep(Reporter.java:87)
at com.framework.utils.Reporter.reportStep(Reporter.java:113)
at com.framework.selenium.api.base.SeleniumBase.takeSnap(SeleniumBase.java:853)
at com.framework.utils.Reporter.reportStep(Reporter.java:87)
at com.framework.utils.Reporter.reportStep(Reporter.java:113)
at com.framework.selenium.api.base.SeleniumBase.takeSnap(SeleniumBase.java:853)
at com.framework.utils.Reporter.reportStep(Reporter.java:87)
at com.framework.utils.Reporter.reportStep(Reporter.java:113)
at com.framework.selenium.api.base.SeleniumBase.takeSnap(SeleniumBase.java:853)
at com.framework.utils.Reporter.reportStep(Reporter.java:87)
at com.framework.utils.Reporter.reportStep(Reporter.java:113)
at com.framework.selenium.api.base.SeleniumBase.takeSnap(SeleniumBase.java:853)
at com.framework.utils.Reporter.reportStep(Reporter.java:87)
at com.framework.utils.Reporter.reportStep(Reporter.java:113)
at com.framework.selenium.api.base.SeleniumBase.takeSnap(SeleniumBase.java:853)
at com.framework.utils.Reporter.reportStep(Reporter.java:87)
at com.framework.utils.Reporter.reportStep(Reporter.java:113)
at com.framework.selenium.api.base.SeleniumBase.takeSnap(SeleniumBase.java:853)
at com.framework.utils.Reporter.reportStep(Reporter.java:87)
at com.framework.utils.Reporter.reportStep(Reporter.java:113)
at com.framework.selenium.api.base.SeleniumBase.takeSnap(SeleniumBase.java:853)
at com.framework.utils.Reporter.reportStep(Reporter.java:87)
at com.framework.utils.Reporter.reportStep(Reporter.java:113)
at com.framework.selenium.api.base.SeleniumBase.takeSnap(SeleniumBase.java:853)
at com.framework.utils.Reporter.reportStep(Reporter.java:87)
at com.framework.utils.Reporter.reportStep(Reporter.java:113)
at com.framework.selenium.api.base.SeleniumBase.takeSnap(SeleniumBase.java:853)
at com.framework.utils.Reporter.reportStep(Reporter.java:87)
at com.framework.utils.Reporter.reportStep(Reporter.java:113)
at com.framework.selenium.api.base.SeleniumBase.takeSnap(SeleniumBase.java:853)
at com.framework.utils.Reporter.reportStep(Reporter.java:87)
at com.framework.utils.Reporter.reportStep(Reporter.java:113)
at com.framework.selenium.api.base.SeleniumBase.takeSnap(SeleniumBase.java:853)
at com.framework.utils.Reporter.reportStep(Reporter.java:87)
at com.framework.utils.Reporter.reportStep(Reporter.java:113)
at com.framework.selenium.api.base.SeleniumBase.takeSnap(SeleniumBase.java:853)
at com.framework.utils.Reporter.reportStep(Reporter.java:87)
at com.framework.utils.Reporter.reportStep(Reporter.java:113)
at com.framework.selenium.api.base.SeleniumBase.takeSnap(SeleniumBase.java:853)
at com.framework.utils.Reporter.reportStep(Reporter.java:87)
at com.framework.utils.Reporter.reportStep(Reporter.java:113)
at com.framework.selenium.api.base.SeleniumBase.takeSnap(SeleniumBase.java:853)
at com.framework.utils.Reporter.reportStep(Reporter.java:87)
at com.framework.utils.Reporter.reportStep(Reporter.java:113)
at com.framework.selenium.api.base.SeleniumBase.takeSnap(SeleniumBase.java:853)
at com.framework.utils.Reporter.reportStep(Reporter.java:87)
at com.framework.utils.Reporter.reportStep(Reporter.java:113)
at com.framework.selenium.api.base.SeleniumBase.takeSnap(SeleniumBase.java:853)
at com.framework.utils.Reporter.reportStep(Reporter.java:87)
at com.framework.utils.Reporter.reportStep(Reporter.java:113)
at com.framework.selenium.api.base.SeleniumBase.takeSnap(SeleniumBase.java:853)
at com.framework.utils.Reporter.reportStep(Reporter.java:87)
at com.framework.utils.Reporter.reportStep(Reporter.java:113)
at com.framework.selenium.api.base.SeleniumBase.takeSnap(SeleniumBase.java:853)
at com.framework.utils.Reporter.reportStep(Reporter.java:87)
at com.framework.utils.Reporter.reportStep(Reporter.java:113)
at com.framework.selenium.api.base.SeleniumBase.takeSnap(SeleniumBase.java:853)
at com.framework.utils.Reporter.reportStep(Reporter.java:87)
at com.framework.utils.Reporter.reportStep(Reporter.java:113)
at com.framework.selenium.api.base.SeleniumBase.takeSnap(SeleniumBase.java:853)
at com.framework.utils.Reporter.reportStep(Reporter.java:87)
at com.framework.utils.Reporter.reportStep(Reporter.java:113)
at com.framework.selenium.api.base.SeleniumBase.takeSnap(SeleniumBase.java:853)
at com.framework.utils.Reporter.reportStep(Reporter.java:87)
at com.framework.utils.Reporter.reportStep(Reporter.java:113)
at com.framework.selenium.api.base.SeleniumBase.takeSnap(SeleniumBase.java:853)
at com.framework.utils.Reporter.reportStep(Reporter.java:87)
at com.framework.utils.Reporter.reportStep(Reporter.java:113)
at com.framework.selenium.api.base.SeleniumBase.takeSnap(SeleniumBase.java:853)
at com.framework.utils.Reporter.reportStep(Reporter.java:87)
at com.framework.utils.Reporter.reportStep(Reporter.java:113)
at com.framework.selenium.api.base.SeleniumBase.takeSnap(SeleniumBase.java:853)
at com.framework.utils.Reporter.reportStep(Reporter.java:87)
at com.framework.utils.Reporter.reportStep(Reporter.java:113)
at com.framework.selenium.api.base.SeleniumBase.takeSnap(SeleniumBase.java:853)
at com.framework.utils.Reporter.reportStep(Reporter.java:87)
at com.framework.utils.Reporter.reportStep(Reporter.java:113)
at com.framework.selenium.api.base.SeleniumBase.takeSnap(SeleniumBase.java:853)
at com.framework.utils.Reporter.reportStep(Reporter.java:87)
at com.framework.utils.Reporter.reportStep(Reporter.java:113)
at com.framework.selenium.api.base.SeleniumBase.takeSnap(SeleniumBase.java:853)
at com.framework.utils.Reporter.reportStep(Reporter.java:87)
at com.framework.utils.Reporter.reportStep(Reporter.java:113)
at com.framework.selenium.api.base.SeleniumBase.takeSnap(SeleniumBase.java:853)
at com.framework.utils.Reporter.reportStep(Reporter.java:87)
at com.framework.utils.Reporter.reportStep(Reporter.java:113)
at com.framework.selenium.api.base.SeleniumBase.takeSnap(SeleniumBase.java:853)
at com.framework.utils.Reporter.reportStep(Reporter.java:87)
at com.framework.utils.Reporter.reportStep(Reporter.java:113)
at com.framework.selenium.api.base.SeleniumBase.takeSnap(SeleniumBase.java:853)
at com.framework.utils.Reporter.reportStep(Reporter.java:87)
at com.framework.utils.Reporter.reportStep(Reporter.java:113)
at com.framework.selenium.api.base.SeleniumBase.takeSnap(SeleniumBase.java:853)
at com.framework.utils.Reporter.reportStep(Reporter.java:87)
at com.framework.utils.Reporter.reportStep(Reporter.java:113)
at com.framework.selenium.api.base.SeleniumBase.takeSnap(SeleniumBase.java:853)
at com.framework.utils.Reporter.reportStep(Reporter.java:87)
at com.framework.utils.Reporter.reportStep(Reporter.java:113)
at com.framework.selenium.api.base.SeleniumBase.takeSnap(SeleniumBase.java:853)
at com.framework.utils.Reporter.reportStep(Reporter.java:87)
at com.framework.utils.Reporter.reportStep(Reporter.java:113)
at com.framework.selenium.api.base.SeleniumBase.takeSnap(SeleniumBase.java:853)
at com.framework.utils.Reporter.reportStep(Reporter.java:87)
at com.framework.utils.Reporter.reportStep(Reporter.java:113)
at com.framework.selenium.api.base.SeleniumBase.takeSnap(SeleniumBase.java:853)
at com.framework.utils.Reporter.reportStep(Reporter.java:87)
at com.framework.utils.Reporter.reportStep(Reporter.java:113)
at com.framework.selenium.api.base.SeleniumBase.takeSnap(SeleniumBase.java:853)
at com.framework.utils.Reporter.reportStep(Reporter.java:87)
at com.framework.utils.Reporter.reportStep(Reporter.java:113)
at com.framework.selenium.api.base.SeleniumBase.takeSnap(SeleniumBase.java:853)
at com.framework.utils.Reporter.reportStep(Reporter.java:87)
at com.framework.utils.Reporter.reportStep(Reporter.java:113)
at com.framework.selenium.api.base.SeleniumBase.takeSnap(SeleniumBase.java:853)
at com.framework.utils.Reporter.reportStep(Reporter.java:87)
at com.framework.utils.Reporter.reportStep(Reporter.java:113)
at com.framework.selenium.api.base.SeleniumBase.takeSnap(SeleniumBase.java:853)
at com.framework.utils.Reporter.reportStep(Reporter.java:87)
at com.framework.utils.Reporter.reportStep(Reporter.java:113)
at com.framework.selenium.api.base.SeleniumBase.takeSnap(SeleniumBase.java:853)
at com.framework.utils.Reporter.reportStep(Reporter.java:87)
at com.framework.utils.Reporter.reportStep(Reporter.java:113)
at com.framework.selenium.api.base.SeleniumBase.takeSnap(SeleniumBase.java:853)
at com.framework.utils.Reporter.reportStep(Reporter.java:87)
at com.framework.utils.Reporter.reportStep(Reporter.java:113)
at com.framework.selenium.api.base.SeleniumBase.takeSnap(SeleniumBase.java:853)
at com.framework.utils.Reporter.reportStep(Reporter.java:87)
at com.framework.utils.Reporter.reportStep(Reporter.java:113)
at com.framework.selenium.api.base.SeleniumBase.takeSnap(SeleniumBase.java:853)
at com.framework.utils.Reporter.reportStep(Reporter.java:87)
at com.framework.utils.Reporter.reportStep(Reporter.java:113)
at com.framework.selenium.api.base.SeleniumBase.takeSnap(SeleniumBase.java:853)
at com.framework.utils.Reporter.reportStep(Reporter.java:87)
at com.framework.utils.Reporter.reportStep(Reporter.java:113)
at com.framework.selenium.api.base.SeleniumBase.takeSnap(SeleniumBase.java:853)
at com.framework.utils.Reporter.reportStep(Reporter.java:87)
at com.framework.utils.Reporter.reportStep(Reporter.java:113)
at com.framework.selenium.api.base.SeleniumBase.takeSnap(SeleniumBase.java:853)
at com.framework.utils.Reporter.reportStep(Reporter.java:87)
at com.framework.utils.Reporter.reportStep(Reporter.java:113)
at com.framework.selenium.api.base.SeleniumBase.takeSnap(SeleniumBase.java:853)
at com.framework.utils.Reporter.reportStep(Reporter.java:87)
at com.framework.utils.Reporter.reportStep(Reporter.java:113)
at com.framework.selenium.api.base.SeleniumBase.takeSnap(SeleniumBase.java:853)
at com.framework.utils.Reporter.reportStep(Reporter.java:87)
at com.framework.utils.Reporter.reportStep(Reporter.java:113)
at com.framework.selenium.api.base.SeleniumBase.takeSnap(SeleniumBase.java:853)
at com.framework.utils.Reporter.reportStep(Reporter.java:87)
at com.framework.utils.Reporter.reportStep(Reporter.java:113)
at com.framework.selenium.api.base.SeleniumBase.takeSnap(SeleniumBase.java:853)
at com.framework.utils.Reporter.reportStep(Reporter.java:87)
at com.framework.utils.Reporter.reportStep(Reporter.java:113)
at com.framework.selenium.api.base.SeleniumBase.takeSnap(SeleniumBase.java:853)
at com.framework.utils.Reporter.reportStep(Reporter.java:87)
at com.framework.utils.Reporter.reportStep(Reporter.java:113)
at com.framework.selenium.api.base.SeleniumBase.takeSnap(SeleniumBase.java:853)
at com.framework.utils.Reporter.reportStep(Reporter.java:87)
at com.framework.utils.Reporter.reportStep(Reporter.java:113)
at com.framework.selenium.api.base.SeleniumBase.takeSnap(SeleniumBase.java:853)
at com.framework.utils.Reporter.reportStep(Reporter.java:87)
at com.framework.utils.Reporter.reportStep(Reporter.java:113)
at com.framework.selenium.api.base.SeleniumBase.takeSnap(SeleniumBase.java:853)
at com.framework.utils.Reporter.reportStep(Reporter.java:87)
at com.framework.utils.Reporter.reportStep(Reporter.java:113)
at com.framework.selenium.api.base.SeleniumBase.takeSnap(SeleniumBase.java:853)
at com.framework.utils.Reporter.reportStep(Reporter.java:87)
at com.framework.utils.Reporter.reportStep(Reporter.java:113)
at com.framework.selenium.api.base.SeleniumBase.takeSnap(SeleniumBase.java:853)
at com.framework.utils.Reporter.reportStep(Reporter.java:87)
at com.framework.utils.Reporter.reportStep(Reporter.java:113)
at com.framework.selenium.api.base.SeleniumBase.takeSnap(SeleniumBase.java:853)
at com.framework.utils.Reporter.reportStep(Reporter.java:87)
at com.framework.utils.Reporter.reportStep(Reporter.java:113)
at com.framework.selenium.api.base.SeleniumBase.takeSnap(SeleniumBase.java:853)
at com.framework.utils.Reporter.reportStep(Reporter.java:87)
at com.framework.utils.Reporter.reportStep(Reporter.java:113)
at com.framework.selenium.api.base.SeleniumBase.takeSnap(SeleniumBase.java:853)
at com.framework.utils.Reporter.reportStep(Reporter.java:87)
at com.framework.utils.Reporter.reportStep(Reporter.java:113)
at com.framework.selenium.api.base.SeleniumBase.takeSnap(SeleniumBase.java:853)
at com.framework.utils.Reporter.reportStep(Reporter.java:87)
at com.framework.utils.Reporter.reportStep(Reporter.java:113)
at com.framework.selenium.api.base.SeleniumBase.takeSnap(SeleniumBase.java:853)
at com.framework.utils.Reporter.reportStep(Reporter.java:87)
at com.framework.utils.Reporter.reportStep(Reporter.java:113)
at com.framework.selenium.api.base.SeleniumBase.takeSnap(SeleniumBase.java:853)
at com.framework.utils.Reporter.reportStep(Reporter.java:87)
at com.framework.utils.Reporter.reportStep(Reporter.java:113)
at com.framework.selenium.api.base.SeleniumBase.takeSnap(SeleniumBase.java:853)
at com.framework.utils.Reporter.reportStep(Reporter.java:87)
at com.framework.utils.Reporter.reportStep(Reporter.java:113)
at com.framework.selenium.api.base.SeleniumBase.takeSnap(SeleniumBase.java:853)
at com.framework.utils.Reporter.reportStep(Reporter.java:87)
at com.framework.utils.Reporter.reportStep(Reporter.java:113)
at com.framework.selenium.api.base.SeleniumBase.takeSnap(SeleniumBase.java:853)
at com.framework.utils.Reporter.reportStep(Reporter.java:87)
at com.framework.utils.Reporter.reportStep(Reporter.java:113)
at com.framework.selenium.api.base.SeleniumBase.takeSnap(SeleniumBase.java:853)
at com.framework.utils.Reporter.reportStep(Reporter.java:87)
at com.framework.utils.Reporter.reportStep(Reporter.java:113)
at com.framework.selenium.api.base.SeleniumBase.takeSnap(SeleniumBase.java:853)
at com.framework.utils.Reporter.reportStep(Reporter.java:87)
at com.framework.utils.Reporter.reportStep(Reporter.java:113)
at com.framework.selenium.api.base.SeleniumBase.takeSnap(SeleniumBase.java:853)
at com.framework.utils.Reporter.reportStep(Reporter.java:87)
at com.framework.utils.Reporter.reportStep(Reporter.java:113)
at com.framework.selenium.api.base.SeleniumBase.takeSnap(SeleniumBase.java:853)
at com.framework.utils.Reporter.reportStep(Reporter.java:87)
at com.framework.utils.Reporter.reportStep(Reporter.java:113)
at com.framework.selenium.api.base.SeleniumBase.takeSnap(SeleniumBase.java:853)
at com.framework.utils.Reporter.reportStep(Reporter.java:87)
at com.framework.utils.Reporter.reportStep(Reporter.java:113)
at com.framework.selenium.api.base.SeleniumBase.takeSnap(SeleniumBase.java:853)
at com.framework.utils.Reporter.reportStep(Reporter.java:87)
at com.framework.utils.Reporter.reportStep(Reporter.java:113)
at com.framework.selenium.api.base.SeleniumBase.takeSnap(SeleniumBase.java:853)
at com.framework.utils.Reporter.reportStep(Reporter.java:87)
at com.framework.utils.Reporter.reportStep(Reporter.java:113)
at com.framework.selenium.api.base.SeleniumBase.takeSnap(SeleniumBase.java:853)
at com.framework.utils.Reporter.reportStep(Reporter.java:87)
at com.framework.utils.Reporter.reportStep(Reporter.java:113)
at com.framework.selenium.api.base.SeleniumBase.takeSnap(SeleniumBase.java:853)
at com.framework.utils.Reporter.reportStep(Reporter.java:87)
at com.framework.utils.Reporter.reportStep(Reporter.java:113)
at com.framework.selenium.api.base.SeleniumBase.takeSnap(SeleniumBase.java:853)
at com.framework.utils.Reporter.reportStep(Reporter.java:87)
at com.framework.utils.Reporter.reportStep(Reporter.java:113)
at com.framework.selenium.api.base.SeleniumBase.takeSnap(SeleniumBase.java:853)
at com.framework.utils.Reporter.reportStep(Reporter.java:87)
at com.framework.utils.Reporter.reportStep(Reporter.java:113)
at com.framework.selenium.api.base.SeleniumBase.takeSnap(SeleniumBase.java:853)
at com.framework.utils.Reporter.reportStep(Reporter.java:87)
at com.framework.utils.Reporter.reportStep(Reporter.java:113)
at com.framework.selenium.api.base.SeleniumBase.takeSnap(SeleniumBase.java:853)
at com.framework.utils.Reporter.reportStep(Reporter.java:87)
at com.framework.utils.Reporter.reportStep(Reporter.java:113)
at com.framework.selenium.api.base.SeleniumBase.takeSnap(SeleniumBase.java:853)
at com.framework.utils.Reporter.reportStep(Reporter.java:87)
at com.framework.utils.Reporter.reportStep(Reporter.java:113)
at com.framework.selenium.api.base.SeleniumBase.takeSnap(SeleniumBase.java:853)
at com.framework.utils.Reporter.reportStep(Reporter.java:87)
at com.framework.utils.Reporter.reportStep(Reporter.java:113)
at com.framework.selenium.api.base.SeleniumBase.takeSnap(SeleniumBase.java:853)
at com.framework.utils.Reporter.reportStep(Reporter.java:87)
at com.framework.utils.Reporter.reportStep(Reporter.java:113)
at com.framework.selenium.api.base.SeleniumBase.takeSnap(SeleniumBase.java:853)
at com.framework.utils.Reporter.reportStep(Reporter.java:87)
at com.framework.utils.Reporter.reportStep(Reporter.java:113)
at com.framework.selenium.api.base.SeleniumBase.takeSnap(SeleniumBase.java:853)
at com.framework.utils.Reporter.reportStep(Reporter.java:87)
at com.framework.utils.Reporter.reportStep(Reporter.java:113)
at com.framework.selenium.api.base.SeleniumBase.takeSnap(SeleniumBase.java:853)
at com.framework.utils.Reporter.reportStep(Reporter.java:87)
at com.framework.utils.Reporter.reportStep(Reporter.java:113)
at com.framework.selenium.api.base.SeleniumBase.takeSnap(SeleniumBase.java:853)
at com.framework.utils.Reporter.reportStep(Reporter.java:87)
at com.framework.utils.Reporter.reportStep(Reporter.java:113)
at com.framework.selenium.api.base.SeleniumBase.takeSnap(SeleniumBase.java:853)
at com.framework.utils.Reporter.reportStep(Reporter.java:87)
at com.framework.utils.Reporter.reportStep(Reporter.java:113)
at com.framework.selenium.api.base.SeleniumBase.takeSnap(SeleniumBase.java:853)
at com.framework.utils.Reporter.reportStep(Reporter.java:87)
at com.framework.utils.Reporter.reportStep(Reporter.java:113)
at com.framework.selenium.api.base.SeleniumBase.takeSnap(SeleniumBase.java:853)
at com.framework.utils.Reporter.reportStep(Reporter.java:87)
at com.framework.utils.Reporter.reportStep(Reporter.java:113)
at com.framework.selenium.api.base.SeleniumBase.takeSnap(SeleniumBase.java:853)
at com.framework.utils.Reporter.reportStep(Reporter.java:87)
at com.framework.utils.Reporter.reportStep(Reporter.java:113)
at com.framework.selenium.api.base.SeleniumBase.takeSnap(SeleniumBase.java:853)
at com.framework.utils.Reporter.reportStep(Reporter.java:87)
at com.framework.utils.Reporter.reportStep(Reporter.java:113)
at com.framework.selenium.api.base.SeleniumBase.takeSnap(SeleniumBase.java:853)
at com.framework.utils.Reporter.reportStep(Reporter.java:87)
at com.framework.utils.Reporter.reportStep(Reporter.java:113)
at com.framework.selenium.api.base.SeleniumBase.takeSnap(SeleniumBase.java:853)
at com.framework.utils.Reporter.reportStep(Reporter.java:87)
at com.framework.utils.Reporter.reportStep(Reporter.java:113)
at com.framework.selenium.api.base.SeleniumBase.takeSnap(SeleniumBase.java:853)
at com.framework.utils.Reporter.reportStep(Reporter.java:87)
at com.framework.utils.Reporter.reportStep(Reporter.java:113)
at com.framework.selenium.api.base.SeleniumBase.takeSnap(SeleniumBase.java:853)
at com.framework.utils.Reporter.reportStep(Reporter.java:87)
at com.framework.utils.Reporter.reportStep(Reporter.java:113)
at com.framework.selenium.api.base.SeleniumBase.takeSnap(SeleniumBase.java:853)
at com.framework.utils.Reporter.reportStep(Reporter.java:87)
at com.framework.utils.Reporter.reportStep(Reporter.java:113)
at com.framework.selenium.api.base.SeleniumBase.takeSnap(SeleniumBase.java:853)
at com.framework.utils.Reporter.reportStep(Reporter.java:87)
at com.framework.utils.Reporter.reportStep(Reporter.java:113)
at com.framework.selenium.api.base.SeleniumBase.takeSnap(SeleniumBase.java:853)
at com.framework.utils.Reporter.reportStep(Reporter.java:87)
at com.framework.utils.Reporter.reportStep(Reporter.java:113)
at com.framework.selenium.api.base.SeleniumBase.takeSnap(SeleniumBase.java:853)
at com.framework.utils.Reporter.reportStep(Reporter.java:87)
at com.framework.utils.Reporter.reportStep(Reporter.java:113)
at com.framework.selenium.api.base.SeleniumBase.takeSnap(SeleniumBase.java:853)
at com.framework.utils.Reporter.reportStep(Reporter.java:87)
at com.framework.utils.Reporter.reportStep(Reporter.java:113)
at com.framework.selenium.api.base.SeleniumBase.takeSnap(SeleniumBase.java:853)
at com.framework.utils.Reporter.reportStep(Reporter.java:87)
at com.framework.utils.Reporter.reportStep(Reporter.java:113)
at com.framework.selenium.api.base.SeleniumBase.takeSnap(SeleniumBase.java:853)
at com.framework.utils.Reporter.reportStep(Reporter.java:87)
at com.framework.utils.Reporter.reportStep(Reporter.java:113)
at com.framework.selenium.api.base.SeleniumBase.takeSnap(SeleniumBase.java:853)
at com.framework.utils.Reporter.reportStep(Reporter.java:87)
at com.framework.utils.Reporter.reportStep(Reporter.java:113)
at com.framework.selenium.api.base.SeleniumBase.takeSnap(SeleniumBase.java:853)
at com.framework.utils.Reporter.reportStep(Reporter.java:87)
at com.framework.utils.Reporter.reportStep(Reporter.java:113)
at com.framework.selenium.api.base.SeleniumBase.takeSnap(SeleniumBase.java:853)
at com.framework.utils.Reporter.reportStep(Reporter.java:87)
at com.framework.utils.Reporter.reportStep(Reporter.java:113)
at com.framework.selenium.api.base.SeleniumBase.takeSnap(SeleniumBase.java:853)
at com.framework.utils.Reporter.reportStep(Reporter.java:87)
at com.framework.utils.Reporter.reportStep(Reporter.java:113)
at com.framework.selenium.api.base.SeleniumBase.takeSnap(SeleniumBase.java:853)
at com.framework.utils.Reporter.reportStep(Reporter.java:87)
at com.framework.utils.Reporter.reportStep(Reporter.java:113)
at com.framework.selenium.api.base.SeleniumBase.takeSnap(SeleniumBase.java:853)
at com.framework.utils.Reporter.reportStep(Reporter.java:87)
at com.framework.utils.Reporter.reportStep(Reporter.java:113)
at com.framework.selenium.api.base.SeleniumBase.takeSnap(SeleniumBase.java:853)
at com.framework.utils.Reporter.reportStep(Reporter.java:87)
at com.framework.utils.Reporter.reportStep(Reporter.java:113)
at com.framework.selenium.api.base.SeleniumBase.takeSnap(SeleniumBase.java:853)
at com.framework.utils.Reporter.reportStep(Reporter.java:87)
at com.framework.utils.Reporter.reportStep(Reporter.java:113)
at com.framework.selenium.api.base.SeleniumBase.takeSnap(SeleniumBase.java:853)
at com.framework.utils.Reporter.reportStep(Reporter.java:87)
at com.framework.utils.Reporter.reportStep(Reporter.java:113)
at com.framework.selenium.api.base.SeleniumBase.takeSnap(SeleniumBase.java:853)
at com.framework.utils.Reporter.reportStep(Reporter.java:87)
at com.framework.utils.Reporter.reportStep(Reporter.java:113)
at com.framework.selenium.api.base.SeleniumBase.takeSnap(SeleniumBase.java:853)
at com.framework.utils.Reporter.reportStep(Reporter.java:87)
at com.framework.utils.Reporter.reportStep(Reporter.java:113)
at com.framework.selenium.api.base.SeleniumBase.takeSnap(SeleniumBase.java:853)
at com.framework.utils.Reporter.reportStep(Reporter.java:87)
at com.framework.utils.Reporter.reportStep(Reporter.java:113)
at com.framework.selenium.api.base.SeleniumBase.takeSnap(SeleniumBase.java:853)
at com.framework.utils.Reporter.reportStep(Reporter.java:87)
at com.framework.utils.Reporter.reportStep(Reporter.java:113)
at com.framework.selenium.api.base.SeleniumBase.takeSnap(SeleniumBase.java:853)
at com.framework.utils.Reporter.reportStep(Reporter.java:87)
at com.framework.utils.Reporter.reportStep(Reporter.java:113)
at com.framework.selenium.api.base.SeleniumBase.takeSnap(SeleniumBase.java:853)
at com.framework.utils.Reporter.reportStep(Reporter.java:87)
at com.framework.utils.Reporter.reportStep(Reporter.java:113)
at com.framework.selenium.api.base.SeleniumBase.takeSnap(SeleniumBase.java:853)
at com.framework.utils.Reporter.reportStep(Reporter.java:87)
at com.framework.utils.Reporter.reportStep(Reporter.java:113)
at com.framework.selenium.api.base.SeleniumBase.takeSnap(SeleniumBase.java:853)
at com.framework.utils.Reporter.reportStep(Reporter.java:87)
at com.framework.utils.Reporter.reportStep(Reporter.java:113)
at com.framework.selenium.api.base.SeleniumBase.takeSnap(SeleniumBase.java:853)
at com.framework.utils.Reporter.reportStep(Reporter.java:87)
at com.framework.utils.Reporter.reportStep(Reporter.java:113)
at com.framework.selenium.api.base.SeleniumBase.takeSnap(SeleniumBase.java:853)
at com.framework.utils.Reporter.reportStep(Reporter.java:87)
at com.framework.utils.Reporter.reportStep(Reporter.java:113)
at com.framework.selenium.api.base.SeleniumBase.takeSnap(SeleniumBase.java:853)
at com.framework.utils.Reporter.reportStep(Reporter.java:87)
at com.framework.utils.Reporter.reportStep(Reporter.java:113)
at com.framework.selenium.api.base.SeleniumBase.takeSnap(SeleniumBase.java:853)
at com.framework.utils.Reporter.reportStep(Reporter.java:87)
at com.framework.utils.Reporter.reportStep(Reporter.java:113)
at com.framework.selenium.api.base.SeleniumBase.takeSnap(SeleniumBase.java:853)
at com.framework.utils.Reporter.reportStep(Reporter.java:87)
at com.framework.utils.Reporter.reportStep(Reporter.java:113)
at com.framework.selenium.api.base.SeleniumBase.takeSnap(SeleniumBase.java:853)
at com.framework.utils.Reporter.reportStep(Reporter.java:87)
at com.framework.utils.Reporter.reportStep(Reporter.java:113)
at com.framework.selenium.api.base.SeleniumBase.takeSnap(SeleniumBase.java:853)
at com.framework.utils.Reporter.reportStep(Reporter.java:87)
at com.framework.utils.Reporter.reportStep(Reporter.java:113)
at com.framework.selenium.api.base.SeleniumBase.takeSnap(SeleniumBase.java:853)
at com.framework.utils.Reporter.reportStep(Reporter.java:87)
at com.framework.utils.Reporter.reportStep(Reporter.java:113)
at com.framework.selenium.api.base.SeleniumBase.takeSnap(SeleniumBase.java:853)
at com.framework.utils.Reporter.reportStep(Reporter.java:87)
at com.framework.utils.Reporter.reportStep(Reporter.java:113)
at com.framework.selenium.api.base.SeleniumBase.takeSnap(SeleniumBase.java:853)
at com.framework.utils.Reporter.reportStep(Reporter.java:87)
at com.framework.utils.Reporter.reportStep(Reporter.java:113)
at com.framework.selenium.api.base.SeleniumBase.takeSnap(SeleniumBase.java:853)
at com.framework.utils.Reporter.reportStep(Reporter.java:87)
at com.framework.utils.Reporter.reportStep(Reporter.java:113)
at com.framework.selenium.api.base.SeleniumBase.takeSnap(SeleniumBase.java:853)
at com.framework.utils.Reporter.reportStep(Reporter.java:87)
at com.framework.utils.Reporter.reportStep(Reporter.java:113)
at com.framework.selenium.api.base.SeleniumBase.takeSnap(SeleniumBase.java:853)
at com.framework.utils.Reporter.reportStep(Reporter.java:87)
at com.framework.utils.Reporter.reportStep(Reporter.java:113)
at com.framework.selenium.api.base.SeleniumBase.takeSnap(SeleniumBase.java:853)
at com.framework.utils.Reporter.reportStep(Reporter.java:87)
at com.framework.utils.Reporter.reportStep(Reporter.java:113)
at com.framework.selenium.api.base.SeleniumBase.takeSnap(SeleniumBase.java:853)
at com.framework.utils.Reporter.reportStep(Reporter.java:87)
at com.framework.utils.Reporter.reportStep(Reporter.java:113)
at com.framework.selenium.api.base.SeleniumBase.takeSnap(SeleniumBase.java:853)
at com.framework.utils.Reporter.reportStep(Reporter.java:87)
at com.framework.utils.Reporter.reportStep(Reporter.java:113)
at com.framework.selenium.api.base.SeleniumBase.takeSnap(SeleniumBase.java:853)
at com.framework.utils.Reporter.reportStep(Reporter.java:87)
at com.framework.utils.Reporter.reportStep(Reporter.java:113)
at com.framework.selenium.api.base.SeleniumBase.takeSnap(SeleniumBase.java:853)
at com.framework.utils.Reporter.reportStep(Reporter.java:87)
at com.framework.utils.Reporter.reportStep(Reporter.java:113)
at com.framework.selenium.api.base.SeleniumBase.takeSnap(SeleniumBase.java:853)
at com.framework.utils.Reporter.reportStep(Reporter.java:87)
at com.framework.utils.Reporter.reportStep(Reporter.java:113)
at com.framework.selenium.api.base.SeleniumBase.takeSnap(SeleniumBase.java:853)
at com.framework.utils.Reporter.reportStep(Reporter.java:87)
at com.framework.utils.Reporter.reportStep(Reporter.java:113)
at com.framework.selenium.api.base.SeleniumBase.takeSnap(SeleniumBase.java:853)
at com.framework.utils.Reporter.reportStep(Reporter.java:87)
at com.framework.utils.Reporter.reportStep(Reporter.java:113)
at com.framework.selenium.api.base.SeleniumBase.takeSnap(SeleniumBase.java:853)
at com.framework.utils.Reporter.reportStep(Reporter.java:87)
at com.framework.utils.Reporter.reportStep(Reporter.java:113)
at com.framework.selenium.api.base.SeleniumBase.takeSnap(SeleniumBase.java:853)
at com.framework.utils.Reporter.reportStep(Reporter.java:87)
at com.framework.utils.Reporter.reportStep(Reporter.java:113)
at com.framework.selenium.api.base.SeleniumBase.takeSnap(SeleniumBase.java:853)
at com.framework.utils.Reporter.reportStep(Reporter.java:87)
at com.framework.utils.Reporter.reportStep(Reporter.java:113)
at com.framework.selenium.api.base.SeleniumBase.takeSnap(SeleniumBase.java:853)
at com.framework.utils.Reporter.reportStep(Reporter.java:87)
at com.framework.utils.Reporter.reportStep(Reporter.java:113)
at com.framework.selenium.api.base.SeleniumBase.takeSnap(SeleniumBase.java:853)
at com.framework.utils.Reporter.reportStep(Reporter.java:87)
at com.framework.utils.Reporter.reportStep(Reporter.java:113)
at com.framework.selenium.api.base.SeleniumBase.takeSnap(SeleniumBase.java:853)
at com.framework.utils.Reporter.reportStep(Reporter.java:87)
at com.framework.utils.Reporter.reportStep(Reporter.java:113)
at com.framework.selenium.api.base.SeleniumBase.takeSnap(SeleniumBase.java:853)
at com.framework.utils.Reporter.reportStep(Reporter.java:87)
at com.framework.utils.Reporter.reportStep(Reporter.java:113)
at com.framework.selenium.api.base.SeleniumBase.takeSnap(SeleniumBase.java:853)
at com.framework.utils.Reporter.reportStep(Reporter.java:87)
at com.framework.utils.Reporter.reportStep(Reporter.java:113)
at com.framework.selenium.api.base.SeleniumBase.takeSnap(SeleniumBase.java:853)
at com.framework.utils.Reporter.reportStep(Reporter.java:87)
at com.framework.utils.Reporter.reportStep(Reporter.java:113)
at com.framework.selenium.api.base.SeleniumBase.takeSnap(SeleniumBase.java:853)
at com.framework.utils.Reporter.reportStep(Reporter.java:87)
at com.framework.utils.Reporter.reportStep(Reporter.java:113)
at com.framework.selenium.api.base.SeleniumBase.takeSnap(SeleniumBase.java:853)
at com.framework.utils.Reporter.reportStep(Reporter.java:87)
at com.framework.utils.Reporter.reportStep(Reporter.java:113)
at com.framework.selenium.api.base.SeleniumBase.takeSnap(SeleniumBase.java:853)
at com.framework.utils.Reporter.reportStep(Reporter.java:87)
at com.framework.utils.Reporter.reportStep(Reporter.java:113)
at com.framework.selenium.api.base.SeleniumBase.takeSnap(SeleniumBase.java:853)
at com.framework.utils.Reporter.reportStep(Reporter.java:87)
at com.framework.utils.Reporter.reportStep(Reporter.java:113)
at com.framework.selenium.api.base.SeleniumBase.takeSnap(SeleniumBase.java:853)
at com.framework.utils.Reporter.reportStep(Reporter.java:87)
at com.framework.utils.Reporter.reportStep(Reporter.java:113)
at com.framework.selenium.api.base.SeleniumBase.takeSnap(SeleniumBase.java:853)
at com.framework.utils.Reporter.reportStep(Reporter.java:87)
at com.framework.utils.Reporter.reportStep(Reporter.java:113)
at com.framework.selenium.api.base.SeleniumBase.takeSnap(SeleniumBase.java:853)
at com.framework.utils.Reporter.reportStep(Reporter.java:87)
at com.framework.utils.Reporter.reportStep(Reporter.java:113)
at com.framework.selenium.api.base.SeleniumBase.takeSnap(SeleniumBase.java:853)
at com.framework.utils.Reporter.reportStep(Reporter.java:87)
at com.framework.utils.Reporter.reportStep(Reporter.java:113)
at com.framework.selenium.api.base.SeleniumBase.takeSnap(SeleniumBase.java:853)
at com.framework.utils.Reporter.reportStep(Reporter.java:87)
at com.framework.utils.Reporter.reportStep(Reporter.java:113)
at com.framework.selenium.api.base.SeleniumBase.takeSnap(SeleniumBase.java:853)
at com.framework.utils.Reporter.reportStep(Reporter.java:87)
at com.framework.utils.Reporter.reportStep(Reporter.java:113)
at com.framework.selenium.api.base.SeleniumBase.takeSnap(SeleniumBase.java:853)
at com.framework.utils.Reporter.reportStep(Reporter.java:87)
at com.framework.utils.Reporter.reportStep(Reporter.java:113)
at com.framework.selenium.api.base.SeleniumBase.takeSnap(SeleniumBase.java:853)
at com.framework.utils.Reporter.reportStep(Reporter.java:87)
at com.framework.utils.Reporter.reportStep(Reporter.java:113)
at com.framework.selenium.api.base.SeleniumBase.takeSnap(SeleniumBase.java:853)
at com.framework.utils.Reporter.reportStep(Reporter.java:87)
at com.framework.utils.Reporter.reportStep(Reporter.java:113)
at com.framework.selenium.api.base.SeleniumBase.takeSnap(SeleniumBase.java:853)
at com.framework.utils.Reporter.reportStep(Reporter.java:87)
at com.framework.utils.Reporter.reportStep(Reporter.java:113)
at com.framework.selenium.api.base.SeleniumBase.takeSnap(SeleniumBase.java:853)
at com.framework.utils.Reporter.reportStep(Reporter.java:87)
at com.framework.utils.Reporter.reportStep(Reporter.java:113)
at com.framework.selenium.api.base.SeleniumBase.takeSnap(SeleniumBase.java:853)
at com.framework.utils.Reporter.reportStep(Reporter.java:87)
at com.framework.utils.Reporter.reportStep(Reporter.java:113)
at com.framework.selenium.api.base.SeleniumBase.takeSnap(SeleniumBase.java:853)
at com.framework.utils.Reporter.reportStep(Reporter.java:87)
at com.framework.utils.Reporter.reportStep(Reporter.java:113)
at com.framework.selenium.api.base.SeleniumBase.takeSnap(SeleniumBase.java:853)
at com.framework.utils.Reporter.reportStep(Reporter.java:87)
at com.framework.utils.Reporter.reportStep(Reporter.java:113)
at com.framework.selenium.api.base.SeleniumBase.takeSnap(SeleniumBase.java:853)
at com.framework.utils.Reporter.reportStep(Reporter.java:87)
at com.framework.utils.Reporter.reportStep(Reporter.java:113)
at com.framework.selenium.api.base.SeleniumBase.takeSnap(SeleniumBase.java:853)
at com.framework.utils.Reporter.reportStep(Reporter.java:87)
at com.framework.utils.Reporter.reportStep(Reporter.java:113)
at com.framework.selenium.api.base.SeleniumBase.takeSnap(SeleniumBase.java:853)
at com.framework.utils.Reporter.reportStep(Reporter.java:87)
at com.framework.utils.Reporter.reportStep(Reporter.java:113)
at com.framework.selenium.api.base.SeleniumBase.takeSnap(SeleniumBase.java:853)
at com.framework.utils.Reporter.reportStep(Reporter.java:87)
at com.framework.utils.Reporter.reportStep(Reporter.java:113)
at com.framework.selenium.api.base.SeleniumBase.takeSnap(SeleniumBase.java:853)
at com.framework.utils.Reporter.reportStep(Reporter.java:87)
at com.framework.utils.Reporter.reportStep(Reporter.java:113)
at com.framework.selenium.api.base.SeleniumBase.takeSnap(SeleniumBase.java:853)
at com.framework.utils.Reporter.reportStep(Reporter.java:87)
at com.framework.utils.Reporter.reportStep(Reporter.java:113)
at com.framework.selenium.api.base.SeleniumBase.takeSnap(SeleniumBase.java:853)
at com.framework.utils.Reporter.reportStep(Reporter.java:87)
at com.framework.utils.Reporter.reportStep(Reporter.java:113)
at com.framework.selenium.api.base.SeleniumBase.takeSnap(SeleniumBase.java:853)
at com.framework.utils.Reporter.reportStep(Reporter.java:87)
at com.framework.utils.Reporter.reportStep(Reporter.java:113)
at com.framework.selenium.api.base.SeleniumBase.takeSnap(SeleniumBase.java:853)
at com.framework.utils.Reporter.reportStep(Reporter.java:87)
at com.framework.utils.Reporter.reportStep(Reporter.java:113)
at com.framework.selenium.api.base.SeleniumBase.takeSnap(SeleniumBase.java:853)
at com.framework.utils.Reporter.reportStep(Reporter.java:87)
at com.framework.utils.Reporter.reportStep(Reporter.java:113)
at com.framework.selenium.api.base.SeleniumBase.takeSnap(SeleniumBase.java:853)
at com.framework.utils.Reporter.reportStep(Reporter.java:87)
at com.framework.utils.Reporter.reportStep(Reporter.java:113)
at com.framework.selenium.api.base.SeleniumBase.takeSnap(SeleniumBase.java:853)
at com.framework.utils.Reporter.reportStep(Reporter.java:87)
at com.framework.utils.Reporter.reportStep(Reporter.java:113)
at com.framework.selenium.api.base.SeleniumBase.takeSnap(SeleniumBase.java:853)
at com.framework.utils.Reporter.reportStep(Reporter.java:87)
at com.framework.utils.Reporter.reportStep(Reporter.java:113)
at com.framework.selenium.api.base.SeleniumBase.takeSnap(SeleniumBase.java:853)
at com.framework.utils.Reporter.reportStep(Reporter.java:87)
at com.framework.utils.Reporter.reportStep(Reporter.java:113)
at com.framework.selenium.api.base.SeleniumBase.takeSnap(SeleniumBase.java:853)
at com.framework.utils.Reporter.reportStep(Reporter.java:87)
at com.framework.utils.Reporter.reportStep(Reporter.java:113)
at com.framework.selenium.api.base.SeleniumBase.takeSnap(SeleniumBase.java:853)
at com.framework.utils.Reporter.reportStep(Reporter.java:87)
at com.framework.utils.Reporter.reportStep(Reporter.java:113)
at com.framework.selenium.api.base.SeleniumBase.takeSnap(SeleniumBase.java:853)
at com.framework.utils.Reporter.reportStep(Reporter.java:87)
at com.framework.utils.Reporter.reportStep(Reporter.java:113)
at com.framework.selenium.api.base.SeleniumBase.takeSnap(SeleniumBase.java:853)
at com.framework.utils.Reporter.reportStep(Reporter.java:87)
at com.framework.utils.Reporter.reportStep(Reporter.java:113)
at com.framework.selenium.api.base.SeleniumBase.takeSnap(SeleniumBase.java:853)
at com.framework.utils.Reporter.reportStep(Reporter.java:87)
at com.framework.utils.Reporter.reportStep(Reporter.java:113)
at com.framework.selenium.api.base.SeleniumBase.takeSnap(SeleniumBase.java:853)
at com.framework.utils.Reporter.reportStep(Reporter.java:87)
at com.framework.utils.Reporter.reportStep(Reporter.java:113)
at com.framework.selenium.api.base.SeleniumBase.takeSnap(SeleniumBase.java:853)
at com.framework.utils.Reporter.reportStep(Reporter.java:87)
at com.framework.utils.Reporter.reportStep(Reporter.java:113)
at com.framework.selenium.api.base.SeleniumBase.takeSnap(SeleniumBase.java:853)
at com.framework.utils.Reporter.reportStep(Reporter.java:87)
at com.framework.utils.Reporter.reportStep(Reporter.java:113)
at com.framework.selenium.api.base.SeleniumBase.takeSnap(SeleniumBase.java:853)
at com.framework.utils.Reporter.reportStep(Reporter.java:87)
at com.framework.utils.Reporter.reportStep(Reporter.java:113)
at com.framework.selenium.api.base.SeleniumBase.takeSnap(SeleniumBase.java:853)
at com.framework.utils.Reporter.reportStep(Reporter.java:87)
at com.framework.utils.Reporter.reportStep(Reporter.java:113)
at com.framework.selenium.api.base.SeleniumBase.takeSnap(SeleniumBase.java:853)
at com.framework.utils.Reporter.reportStep(Reporter.java:87)
at com.framework.utils.Reporter.reportStep(Reporter.java:113)
at com.framework.selenium.api.base.SeleniumBase.takeSnap(SeleniumBase.java:853)
at com.framework.utils.Reporter.reportStep(Reporter.java:87)
at com.framework.utils.Reporter.reportStep(Reporter.java:113)
at com.framework.selenium.api.base.SeleniumBase.takeSnap(SeleniumBase.java:853)
at com.framework.utils.Reporter.reportStep(Reporter.java:87)
at com.framework.utils.Reporter.reportStep(Reporter.java:113)
at com.framework.selenium.api.base.SeleniumBase.takeSnap(SeleniumBase.java:853)
at com.framework.utils.Reporter.reportStep(Reporter.java:87)
at com.framework.utils.Reporter.reportStep(Reporter.java:113)
at com.framework.selenium.api.base.SeleniumBase.takeSnap(SeleniumBase.java:853)
at com.framework.utils.Reporter.reportStep(Reporter.java:87)
at com.framework.utils.Reporter.reportStep(Reporter.java:113)
at com.framework.selenium.api.base.SeleniumBase.takeSnap(SeleniumBase.java:853)
at com.framework.utils.Reporter.reportStep(Reporter.java:87)
at com.framework.utils.Reporter.reportStep(Reporter.java:113)
at com.framework.selenium.api.base.SeleniumBase.takeSnap(SeleniumBase.java:853)
at com.framework.utils.Reporter.reportStep(Reporter.java:87)
at com.framework.utils.Reporter.reportStep(Reporter.java:113)
at com.framework.selenium.api.base.SeleniumBase.takeSnap(SeleniumBase.java:853)
at com.framework.utils.Reporter.reportStep(Reporter.java:87)
at com.framework.utils.Reporter.reportStep(Reporter.java:113)
at com.framework.selenium.api.base.SeleniumBase.takeSnap(SeleniumBase.java:853)
at com.framework.utils.Reporter.reportStep(Reporter.java:87)
at com.framework.utils.Reporter.reportStep(Reporter.java:113)
at com.framework.selenium.api.base.SeleniumBase.takeSnap(SeleniumBase.java:853)
at com.framework.utils.Reporter.reportStep(Reporter.java:87)
at com.framework.utils.Reporter.reportStep(Reporter.java:113)
at com.framework.selenium.api.base.SeleniumBase.takeSnap(SeleniumBase.java:853)
at com.framework.utils.Reporter.reportStep(Reporter.java:87)
at com.framework.utils.Reporter.reportStep(Reporter.java:113)
at com.framework.selenium.api.base.SeleniumBase.takeSnap(SeleniumBase.java:853)
at com.framework.utils.Reporter.reportStep(Reporter.java:87)
at com.framework.utils.Reporter.reportStep(Reporter.java:113)
at com.framework.selenium.api.base.SeleniumBase.takeSnap(SeleniumBase.java:853)
at com.framework.utils.Reporter.reportStep(Reporter.java:87)
at com.framework.utils.Reporter.reportStep(Reporter.java:113)
at com.framework.selenium.api.base.SeleniumBase.takeSnap(SeleniumBase.java:853)
at com.framework.utils.Reporter.reportStep(Reporter.java:87)
at com.framework.utils.Reporter.reportStep(Reporter.java:113)
at com.framework.selenium.api.base.SeleniumBase.takeSnap(SeleniumBase.java:853)
at com.framework.utils.Reporter.reportStep(Reporter.java:87)
at com.framework.utils.Reporter.reportStep(Reporter.java:113)
at com.framework.selenium.api.base.SeleniumBase.takeSnap(SeleniumBase.java:853)
at com.framework.utils.Reporter.reportStep(Reporter.java:87)
at com.framework.utils.Reporter.reportStep(Reporter.java:113)
at com.framework.selenium.api.base.SeleniumBase.takeSnap(SeleniumBase.java:853)
at com.framework.utils.Reporter.reportStep(Reporter.java:87)
at com.framework.utils.Reporter.reportStep(Reporter.java:113)
at com.framework.selenium.api.base.SeleniumBase.takeSnap(SeleniumBase.java:853)
at com.framework.utils.Reporter.reportStep(Reporter.java:87)
at com.framework.utils.Reporter.reportStep(Reporter.java:113)
at com.framework.selenium.api.base.SeleniumBase.takeSnap(SeleniumBase.java:853)
at com.framework.utils.Reporter.reportStep(Reporter.java:87)
at com.framework.utils.Reporter.reportStep(Reporter.java:113)
at com.framework.selenium.api.base.SeleniumBase.takeSnap(SeleniumBase.java:853)
at com.framework.utils.Reporter.reportStep(Reporter.java:87)
at com.framework.utils.Reporter.reportStep(Reporter.java:113)
at com.framework.selenium.api.base.SeleniumBase.takeSnap(SeleniumBase.java:853)
at com.framework.utils.Reporter.reportStep(Reporter.java:87)
at com.framework.utils.Reporter.reportStep(Reporter.java:113)
at com.framework.selenium.api.base.SeleniumBase.takeSnap(SeleniumBase.java:853)
at com.framework.utils.Reporter.reportStep(Reporter.java:87)
at com.framework.utils.Reporter.reportStep(Reporter.java:113)
at com.framework.selenium.api.base.SeleniumBase.takeSnap(SeleniumBase.java:853)
at com.framework.utils.Reporter.reportStep(Reporter.java:87)
at com.framework.utils.Reporter.reportStep(Reporter.java:113)
at com.framework.selenium.api.base.SeleniumBase.takeSnap(SeleniumBase.java:853)
at com.framework.utils.Reporter.reportStep(Reporter.java:87)
at com.framework.utils.Reporter.reportStep(Reporter.java:113)
at com.framework.selenium.api.base.SeleniumBase.takeSnap(SeleniumBase.java:853)
at com.framework.utils.Reporter.reportStep(Reporter.java:87)
at com.framework.utils.Reporter.reportStep(Reporter.java:113)
at com.framework.selenium.api.base.SeleniumBase.takeSnap(SeleniumBase.java:853)
at com.framework.utils.Reporter.reportStep(Reporter.java:87)
at com.framework.utils.Reporter.reportStep(Reporter.java:113)
at com.framework.selenium.api.base.SeleniumBase.takeSnap(SeleniumBase.java:853)
at com.framework.utils.Reporter.reportStep(Reporter.java:87)
at com.framework.utils.Reporter.reportStep(Reporter.java:113)
at com.framework.selenium.api.base.SeleniumBase.takeSnap(SeleniumBase.java:853)
at com.framework.utils.Reporter.reportStep(Reporter.java:87)
at com.framework.utils.Reporter.reportStep(Reporter.java:113)
at com.framework.selenium.api.base.SeleniumBase.takeSnap(SeleniumBase.java:853)
at com.framework.utils.Reporter.reportStep(Reporter.java:87)
at com.framework.utils.Reporter.reportStep(Reporter.java:113)
at com.framework.selenium.api.base.SeleniumBase.takeSnap(SeleniumBase.java:853)
at com.framework.utils.Reporter.reportStep(Reporter.java:87)
at com.framework.utils.Reporter.reportStep(Reporter.java:113)
at com.framework.selenium.api.base.SeleniumBase.takeSnap(SeleniumBase.java:853)
at com.framework.utils.Reporter.reportStep(Reporter.java:87)
at com.framework.utils.Reporter.reportStep(Reporter.java:113)
at com.framework.selenium.api.base.SeleniumBase.takeSnap(SeleniumBase.java:853)
at com.framework.utils.Reporter.reportStep(Reporter.java:87)
at com.framework.utils.Reporter.reportStep(Reporter.java:113)
at com.framework.selenium.api.base.SeleniumBase.takeSnap(SeleniumBase.java:853)
at com.framework.utils.Reporter.reportStep(Reporter.java:87)
at com.framework.utils.Reporter.reportStep(Reporter.java:113)
at com.framework.selenium.api.base.SeleniumBase.takeSnap(SeleniumBase.java:853)
at com.framework.utils.Reporter.reportStep(Reporter.java:87)
at com.framework.utils.Reporter.reportStep(Reporter.java:113)
at com.framework.selenium.api.base.SeleniumBase.takeSnap(SeleniumBase.java:853)
at com.framework.utils.Reporter.reportStep(Reporter.java:87)
at com.framework.utils.Reporter.reportStep(Reporter.java:113)
at com.framework.selenium.api.base.SeleniumBase.takeSnap(SeleniumBase.java:853)
at com.framework.utils.Reporter.reportStep(Reporter.java:87)
at com.framework.utils.Reporter.reportStep(Reporter.java:113)
at com.framework.selenium.api.base.SeleniumBase.takeSnap(SeleniumBase.java:853)
at com.framework.utils.Reporter.reportStep(Reporter.java:87)
at com.framework.utils.Reporter.reportStep(Reporter.java:113)
at com.framework.selenium.api.base.SeleniumBase.takeSnap(SeleniumBase.java:853)
at com.framework.utils.Reporter.reportStep(Reporter.java:87)
at com.framework.utils.Reporter.reportStep(Reporter.java:113)
at com.framework.selenium.api.base.SeleniumBase.takeSnap(SeleniumBase.java:853)
at com.framework.utils.Reporter.reportStep(Reporter.java:87)
at com.framework.utils.Reporter.reportStep(Reporter.java:113)
at com.framework.selenium.api.base.SeleniumBase.takeSnap(SeleniumBase.java:853)
]]>
    </failure>
  </testcase> <!-- runLogin -->
</testsuite> <!-- Default test -->
